<?xml version="1.0" encoding="UTF-8"?>
<!-- Generated by org.testng.reporters.JUnitXMLReporter -->
<testsuite ignored="1" hostname="PC1" failures="0" tests="1" name="just a name" time="32.726" errors="0" timestamp="2024-05-20T13:21:28 MSK">
  <testcase classname="testCases.TC_001_AccountRegistrationTest" name="verify_account_registration" time="4.591"/>
  <testcase classname="testCases.TC_002_LoginTest" name="verify_login" time="0.0">
    <ignored/>
  </testcase> <!-- verify_login -->
</testsuite> <!-- just a name -->
